{
  "RSpec": {
    "coverage": {
      "/home/shawn/pbe-participation-tracker/config/environment.rb": {
        "lines": [
          null,
          null,
          null,
          1,
          null,
          null,
          1
        ]
      },
      "/home/shawn/pbe-participation-tracker/config/application.rb": {
        "lines": [
          null,
          null,
          1,
          null,
          1,
          null,
          null,
          null,
          1,
          null,
          1,
          1,
          null,
          1,
          null,
          null,
          null,
          null,
          null,
          null,
          null
        ]
      },
      "/home/shawn/pbe-participation-tracker/config/boot.rb": {
        "lines": [
          null,
          null,
          1,
          null,
          1,
          1
        ]
      },
      "/home/shawn/pbe-participation-tracker/config/environments/test.rb": {
        "lines": [
          null,
          null,
          null,
          null,
          null,
          null,
          null,
          1,
          null,
          null,
          1,
          1,
          null,
          null,
          null,
          null,
          1,
          null,
          null,
          1,
          1,
          null,
          null,
          null,
          null,
          1,
          1,
          1,
          null,
          null,
          1,
          null,
          null,
          1,
          null,
          null,
          1,
          null,
          1,
          null,
          null,
          null,
          null,
          1,
          null,
          null,
          1,
          null,
          null,
          null,
          null
        ]
      },
      "/home/shawn/pbe-participation-tracker/config/initializers/application_controller_renderer.rb": {
        "lines": [
          null,
          null,
          null,
          null,
          null,
          null,
          null,
          null,
          null
        ]
      },
      "/home/shawn/pbe-participation-tracker/config/initializers/assets.rb": {
        "lines": [
          null,
          null,
          null,
          null,
          null,
          1,
          null,
          null,
          null,
          null,
          1,
          null,
          null,
          null,
          null,
          null
        ]
      },
      "/home/shawn/pbe-participation-tracker/config/initializers/backtrace_silencers.rb": {
        "lines": [
          null,
          null,
          null,
          null,
          null,
          null,
          null,
          null
        ]
      },
      "/home/shawn/pbe-participation-tracker/config/initializers/content_security_policy.rb": {
        "lines": [
          null,
          null,
          null,
          null,
          null,
          null,
          null,
          null,
          null,
          null,
          null,
          null,
          null,
          null,
          null,
          null,
          null,
          null,
          null,
          null,
          null,
          null,
          null,
          null,
          null,
          null,
          null,
          null,
          null,
          null,
          null
        ]
      },
      "/home/shawn/pbe-participation-tracker/config/initializers/cookies_serializer.rb": {
        "lines": [
          null,
          null,
          null,
          null,
          null,
          null,
          1
        ]
      },
      "/home/shawn/pbe-participation-tracker/config/initializers/filter_parameter_logging.rb": {
        "lines": [
          null,
          null,
          null,
          null,
          null,
          1
        ]
      },
      "/home/shawn/pbe-participation-tracker/config/initializers/inflections.rb": {
        "lines": [
          null,
          null,
          null,
          null,
          null,
          null,
          null,
          null,
          null,
          null,
          null,
          null,
          null,
          null,
          null,
          null,
          null
        ]
      },
      "/home/shawn/pbe-participation-tracker/config/initializers/mime_types.rb": {
        "lines": [
          null,
          null,
          null,
          null,
          null
        ]
      },
      "/home/shawn/pbe-participation-tracker/config/initializers/wrap_parameters.rb": {
        "lines": [
          null,
          null,
          null,
          null,
          null,
          null,
          null,
          null,
          1,
          2,
          null,
          null,
          null,
          null,
          null,
          null
        ]
      },
      "/home/shawn/pbe-participation-tracker/config/routes.rb": {
        "lines": [
          null,
          null,
          1,
          1,
          null,
          null,
          null,
          null,
          null,
          null,
          null,
          null,
          null,
          1,
          1,
          1,
          null,
          1,
          1,
          1,
          1,
          null,
          null,
          null,
          null,
          null
        ]
      },
      "/home/shawn/pbe-participation-tracker/app/helpers/access_helper.rb": {
        "lines": [
          null,
          null,
          1,
          null
        ]
      },
      "/home/shawn/pbe-participation-tracker/app/helpers/application_helper.rb": {
        "lines": [
          null,
          null,
          1,
          null
        ]
      },
      "/home/shawn/pbe-participation-tracker/app/helpers/events_helper.rb": {
        "lines": [
          null,
          null,
          1,
          null
        ]
      },
      "/home/shawn/pbe-participation-tracker/app/helpers/login_helper.rb": {
        "lines": [
          null,
          null,
          1,
          null
        ]
      },
      "/home/shawn/pbe-participation-tracker/app/helpers/users_helper.rb": {
        "lines": [
          null,
          null,
          1,
          null
        ]
      },
      "/home/shawn/pbe-participation-tracker/spec/common.rb": {
        "lines": [
          null,
          null,
          null,
          1,
          17,
          17,
          17,
          17,
          null,
          17,
          null,
          null,
          null,
          1,
          13,
          13,
          null
        ]
      },
      "/home/shawn/pbe-participation-tracker/spec/features/login_spec.rb": {
        "lines": [
          null,
          null,
          1,
          1,
          null,
          1,
          1,
          null,
          1,
          1,
          1,
          1,
          null,
          null,
          null,
          1,
          1,
          1,
          1,
          null,
          1,
          1,
          1,
          1,
          1,
          1,
          1,
          1,
          1,
          1,
          1,
          1,
          1,
          1,
          1,
          1,
          null,
          null
        ]
      },
      "/home/shawn/pbe-participation-tracker/spec/features/sign_in_spec.rb": {
        "lines": [
          null,
          null,
          1,
          1,
          null,
          1,
          1,
          null,
          1,
          1,
          null,
          1,
          1,
          1,
          null,
          null,
          1,
          1,
          1,
          1,
          1,
          1,
          1,
          null,
          1,
          1,
          1,
          null,
          null,
          1,
          1,
          1,
          null,
          null,
          1,
          1,
          null,
          null,
          null,
          null,
          null,
          null,
          null,
          null,
          1,
          1,
          null,
          null,
          1,
          1,
          1,
          null,
          null,
          null,
          null,
          null,
          1,
          1,
          null,
          1,
          null,
          null,
          1,
          1,
          1,
          1,
          1,
          1,
          1,
          1,
          1,
          null,
          null,
          1,
          null,
          null,
          1,
          1,
          1,
          null,
          null,
          null
        ]
      },
      "/home/shawn/pbe-participation-tracker/spec/helpers/events_helper_spec.rb": {
        "lines": [
          null,
          null,
          1,
          null,
          null,
          null,
          null,
          null,
          null,
          null,
          null,
          null,
          null,
          null,
          1,
          1,
          null
        ]
      },
      "/home/shawn/pbe-participation-tracker/spec/helpers/login_helper_spec.rb": {
        "lines": [
          null,
          null,
          1,
          null,
          null,
          null,
          null,
          null,
          null,
          null,
          null,
          null,
          null,
          null,
          1,
          1,
          null
        ]
      },
      "/home/shawn/pbe-participation-tracker/spec/helpers/users_helper_spec.rb": {
        "lines": [
          null,
          null,
          1,
          null,
          null,
          null,
          null,
          null,
          null,
          null,
          null,
          null,
          null,
          null,
          1,
          1,
          null
        ]
      },
      "/home/shawn/pbe-participation-tracker/spec/models/customer_spec.rb": {
        "lines": [
          null,
          null,
          1,
          null,
          1,
          1,
          1,
          1,
          1,
          null,
          null,
          null,
          1,
          1,
          1,
          null,
          null,
          null,
          1,
          1,
          1,
          null,
          null,
          null,
          null,
          null,
          1,
          null,
          null,
          null,
          1,
          1,
          1,
          null,
          null,
          null,
          null,
          null,
          null,
          1,
          1,
          1,
          1,
          1,
          1,
          1,
          1,
          1,
          null,
          null,
          null,
          1,
          1,
          1,
          1,
          null,
          null,
          1,
          1,
          1,
          null,
          null,
          1,
          1,
          1,
          null,
          null,
          null,
          1,
          1,
          1,
          1,
          1,
          null,
          null,
          null
        ]
      },
      "/home/shawn/pbe-participation-tracker/app/models/customer.rb": {
        "lines": [
          null,
          null,
          1,
          1,
          1,
          null,
          1,
          null,
          1,
          null,
          1,
          1,
          1,
          1,
          1,
          1,
          null
        ]
      },
      "/home/shawn/pbe-participation-tracker/app/models/application_record.rb": {
        "lines": [
          null,
          null,
          1,
          1,
          null
        ]
      },
      "/home/shawn/pbe-participation-tracker/spec/models/event_spec.rb": {
        "lines": [
          null,
          null,
          1,
          null,
          1,
          1,
          1,
          1,
          1,
          null,
          null,
          null,
          1,
          1,
          1,
          null,
          null,
          null,
          1,
          1,
          1,
          null,
          null,
          null,
          null
        ]
      },
      "/home/shawn/pbe-participation-tracker/app/models/event.rb": {
        "lines": [
          null,
          null,
          1,
          1,
          null,
          1,
          1,
          1,
          null
        ]
      },
      "/home/shawn/pbe-participation-tracker/spec/requests/events_request_spec.rb": {
        "lines": [
          null,
          null,
          null,
          null,
          null,
          null,
          null,
          null,
          null,
          null,
          null,
          null,
          null,
          null,
          null,
          null,
          null,
          null,
          null,
          null,
          null,
          null,
          null,
          null,
          null,
          null,
          null,
          null,
          null,
          null,
          null,
          null,
          null,
          null,
          null,
          null,
          null
        ]
      },
      "/home/shawn/pbe-participation-tracker/spec/requests/login_request_spec.rb": {
        "lines": [
          null,
          null,
          null,
          null,
          null,
          null,
          null,
          null,
          null,
          null,
          null,
          null,
          null,
          null,
          null,
          null
        ]
      },
      "/home/shawn/pbe-participation-tracker/spec/requests/users_request_spec.rb": {
        "lines": [
          null,
          null,
          null,
          null,
          null,
          null,
          null,
          null,
          null,
          null,
          null,
          null,
          null,
          null,
          null,
          null,
          null,
          null,
          null,
          null,
          null,
          null,
          null,
          null,
          null,
          null,
          null,
          null,
          null,
          null,
          null,
          null,
          null,
          null,
          null,
          null,
          null
        ]
      },
      "/home/shawn/pbe-participation-tracker/spec/views/events/create.html.erb_spec.rb": {
        "lines": [
          null,
          null,
          1,
          null,
          1,
          1,
          null
        ]
      },
      "/home/shawn/pbe-participation-tracker/spec/views/events/dashboard.html.erb_spec.rb": {
        "lines": [
          null,
          null,
          1,
          null,
          1,
          1,
          null
        ]
      },
      "/home/shawn/pbe-participation-tracker/spec/views/events/index.html.erb_spec.rb": {
        "lines": [
          null,
          null,
          1,
          null,
          1,
          1,
          null
        ]
      },
      "/home/shawn/pbe-participation-tracker/spec/views/events/update.html.erb_spec.rb": {
        "lines": [
          null,
          null,
          1,
          null,
          1,
          1,
          null
        ]
      },
      "/home/shawn/pbe-participation-tracker/spec/views/login/index.html.erb_spec.rb": {
        "lines": [
          null,
          null,
          1,
          null,
          1,
          1,
          null
        ]
      },
      "/home/shawn/pbe-participation-tracker/spec/views/users/create.html.erb_spec.rb": {
        "lines": [
          null,
          null,
          1,
          null,
          1,
          1,
          null
        ]
      },
      "/home/shawn/pbe-participation-tracker/spec/views/users/dashboard.html.erb_spec.rb": {
        "lines": [
          null,
          null,
          1,
          null,
          1,
          1,
          null
        ]
      },
      "/home/shawn/pbe-participation-tracker/spec/views/users/index.html.erb_spec.rb": {
        "lines": [
          null,
          null,
          1,
          null,
          1,
          1,
          null
        ]
      },
      "/home/shawn/pbe-participation-tracker/spec/views/users/update.html.erb_spec.rb": {
        "lines": [
          null,
          null,
          1,
          null,
          1,
          1,
          null
        ]
      },
      "/home/shawn/pbe-participation-tracker/app/controllers/application_controller.rb": {
        "lines": [
          null,
          null,
          1,
          1,
          null,
          null,
          null,
          1,
          32,
          null,
          null,
          1,
          1,
          null,
          null,
          null
        ]
      },
      "/home/shawn/pbe-participation-tracker/app/controllers/access_controller.rb": {
        "lines": [
          null,
          null,
          1,
          1,
          null,
          1,
          null,
          null,
          null,
          1,
          null,
          null,
          null,
          1,
          23,
          19,
          19,
          null,
          null,
          23,
          18,
          18,
          18,
          null,
          5,
          5,
          null,
          null,
          null,
          1,
          2,
          2,
          2,
          null,
          null
        ]
      },
      "/home/shawn/pbe-participation-tracker/app/controllers/events_controller.rb": {
        "lines": [
          null,
          null,
          1,
          1,
          1,
          1,
          null,
          1,
          39,
          null,
          39,
          34,
          null,
          5,
          null,
          null,
          null,
          1,
          null,
          6,
          null,
          0,
          null,
          null,
          6,
          6,
          null,
          0,
          null,
          null,
          6,
          6,
          null,
          null,
          1,
          13,
          null,
          null,
          1,
          11,
          11,
          null,
          null,
          null,
          null,
          null,
          null,
          null,
          11,
          null,
          0,
          null,
          null,
          1,
          2,
          null,
          0,
          null,
          null,
          1,
          2,
          2,
          2,
          null,
          null,
          null,
          null,
          null,
          null,
          null,
          2,
          null,
          0,
          null,
          null,
          1,
          1,
          null,
          0,
          null,
          null,
          1,
          null,
          1,
          1,
          null,
          null,
          null,
          1,
          null,
          null,
          1,
          1,
          1,
          null,
          0,
          0,
          null,
          null,
          1,
          null,
          1,
          30,
          null,
          null,
          0,
          0,
          null,
          null,
          null,
          1,
          13,
          13,
          13,
          null,
          null,
          1,
          13,
          13,
          13,
          null,
          null
        ]
      }
    },
    "timestamp": 1602099605
  }
}
